[2025-11-19 19:51:41 WRN] | Microsoft.EntityFrameworkCore.Model.Validation| - 
 Sensitive data logging is enabled. Log entries and exception messages may include sensitive application data; this mode should only be enabled during development.
[2025-11-19 19:51:41 WRN] | Microsoft.EntityFrameworkCore.Model.Validation| - 
 The entity type 'Address' is an optional dependent using table sharing without any required non shared property that could be used to identify whether the entity exists. If all nullable properties contain a null value in database then an object instance won't be created in the query. Add a required property to create instances with null values for other properties or mark the incoming navigation as required to always create an instance.
[2025-11-19 19:51:41 WRN] | Microsoft.EntityFrameworkCore.Model.Validation| - 
 No store type was specified for the decimal property 'Price' on entity type 'Dish'. This will cause values to be silently truncated if they do not fit in the default precision and scale. Explicitly specify the SQL server column type that can accommodate all the values in 'OnModelCreating' using 'HasColumnType', specify precision and scale using 'HasPrecision', or configure a value converter using 'HasConversion'.
[2025-11-19 19:53:11 WRN] | Microsoft.EntityFrameworkCore.Model.Validation| - 
 Sensitive data logging is enabled. Log entries and exception messages may include sensitive application data; this mode should only be enabled during development.
[2025-11-19 19:53:11 WRN] | Microsoft.EntityFrameworkCore.Model.Validation| - 
 The entity type 'Address' is an optional dependent using table sharing without any required non shared property that could be used to identify whether the entity exists. If all nullable properties contain a null value in database then an object instance won't be created in the query. Add a required property to create instances with null values for other properties or mark the incoming navigation as required to always create an instance.
[2025-11-19 19:53:11 WRN] | Microsoft.EntityFrameworkCore.Model.Validation| - 
 No store type was specified for the decimal property 'Price' on entity type 'Dish'. This will cause values to be silently truncated if they do not fit in the default precision and scale. Explicitly specify the SQL server column type that can accommodate all the values in 'OnModelCreating' using 'HasColumnType', specify precision and scale using 'HasPrecision', or configure a value converter using 'HasConversion'.
[2025-11-19 19:54:54 WRN] | Microsoft.EntityFrameworkCore.Model.Validation| - 
 Sensitive data logging is enabled. Log entries and exception messages may include sensitive application data; this mode should only be enabled during development.
[2025-11-19 19:54:54 WRN] | Microsoft.EntityFrameworkCore.Model.Validation| - 
 The entity type 'Address' is an optional dependent using table sharing without any required non shared property that could be used to identify whether the entity exists. If all nullable properties contain a null value in database then an object instance won't be created in the query. Add a required property to create instances with null values for other properties or mark the incoming navigation as required to always create an instance.
[2025-11-19 19:54:54 WRN] | Microsoft.EntityFrameworkCore.Model.Validation| - 
 No store type was specified for the decimal property 'Price' on entity type 'Dish'. This will cause values to be silently truncated if they do not fit in the default precision and scale. Explicitly specify the SQL server column type that can accommodate all the values in 'OnModelCreating' using 'HasColumnType', specify precision and scale using 'HasPrecision', or configure a value converter using 'HasConversion'.
[2025-11-19 19:55:18 WRN] | Microsoft.EntityFrameworkCore.Model.Validation| - 
 Sensitive data logging is enabled. Log entries and exception messages may include sensitive application data; this mode should only be enabled during development.
[2025-11-19 19:55:18 WRN] | Microsoft.EntityFrameworkCore.Model.Validation| - 
 The entity type 'Address' is an optional dependent using table sharing without any required non shared property that could be used to identify whether the entity exists. If all nullable properties contain a null value in database then an object instance won't be created in the query. Add a required property to create instances with null values for other properties or mark the incoming navigation as required to always create an instance.
[2025-11-19 19:55:18 WRN] | Microsoft.EntityFrameworkCore.Model.Validation| - 
 No store type was specified for the decimal property 'Price' on entity type 'Dish'. This will cause values to be silently truncated if they do not fit in the default precision and scale. Explicitly specify the SQL server column type that can accommodate all the values in 'OnModelCreating' using 'HasColumnType', specify precision and scale using 'HasPrecision', or configure a value converter using 'HasConversion'.
[2025-11-19 19:56:47 WRN] | Microsoft.EntityFrameworkCore.Model.Validation| - 
 Sensitive data logging is enabled. Log entries and exception messages may include sensitive application data; this mode should only be enabled during development.
[2025-11-19 19:56:47 WRN] | Microsoft.EntityFrameworkCore.Model.Validation| - 
 The entity type 'Address' is an optional dependent using table sharing without any required non shared property that could be used to identify whether the entity exists. If all nullable properties contain a null value in database then an object instance won't be created in the query. Add a required property to create instances with null values for other properties or mark the incoming navigation as required to always create an instance.
[2025-11-19 19:56:47 WRN] | Microsoft.EntityFrameworkCore.Model.Validation| - 
 No store type was specified for the decimal property 'Price' on entity type 'Dish'. This will cause values to be silently truncated if they do not fit in the default precision and scale. Explicitly specify the SQL server column type that can accommodate all the values in 'OnModelCreating' using 'HasColumnType', specify precision and scale using 'HasPrecision', or configure a value converter using 'HasConversion'.
[2025-11-19 19:58:43 WRN] | Microsoft.EntityFrameworkCore.Model.Validation| - 
 Sensitive data logging is enabled. Log entries and exception messages may include sensitive application data; this mode should only be enabled during development.
[2025-11-19 19:58:43 WRN] | Microsoft.EntityFrameworkCore.Model.Validation| - 
 The entity type 'Address' is an optional dependent using table sharing without any required non shared property that could be used to identify whether the entity exists. If all nullable properties contain a null value in database then an object instance won't be created in the query. Add a required property to create instances with null values for other properties or mark the incoming navigation as required to always create an instance.
[2025-11-19 19:58:43 WRN] | Microsoft.EntityFrameworkCore.Model.Validation| - 
 No store type was specified for the decimal property 'Price' on entity type 'Dish'. This will cause values to be silently truncated if they do not fit in the default precision and scale. Explicitly specify the SQL server column type that can accommodate all the values in 'OnModelCreating' using 'HasColumnType', specify precision and scale using 'HasPrecision', or configure a value converter using 'HasConversion'.
[2025-11-19 19:59:43 WRN] | Microsoft.EntityFrameworkCore.Model.Validation| - 
 Sensitive data logging is enabled. Log entries and exception messages may include sensitive application data; this mode should only be enabled during development.
[2025-11-19 19:59:43 WRN] | Microsoft.EntityFrameworkCore.Model.Validation| - 
 The entity type 'Address' is an optional dependent using table sharing without any required non shared property that could be used to identify whether the entity exists. If all nullable properties contain a null value in database then an object instance won't be created in the query. Add a required property to create instances with null values for other properties or mark the incoming navigation as required to always create an instance.
[2025-11-19 19:59:43 WRN] | Microsoft.EntityFrameworkCore.Model.Validation| - 
 No store type was specified for the decimal property 'Price' on entity type 'Dish'. This will cause values to be silently truncated if they do not fit in the default precision and scale. Explicitly specify the SQL server column type that can accommodate all the values in 'OnModelCreating' using 'HasColumnType', specify precision and scale using 'HasPrecision', or configure a value converter using 'HasConversion'.
[2025-11-19 20:01:45 WRN] | Microsoft.EntityFrameworkCore.Model.Validation| - 
 Sensitive data logging is enabled. Log entries and exception messages may include sensitive application data; this mode should only be enabled during development.
[2025-11-19 20:01:45 WRN] | Microsoft.EntityFrameworkCore.Model.Validation| - 
 The entity type 'Address' is an optional dependent using table sharing without any required non shared property that could be used to identify whether the entity exists. If all nullable properties contain a null value in database then an object instance won't be created in the query. Add a required property to create instances with null values for other properties or mark the incoming navigation as required to always create an instance.
[2025-11-19 20:01:45 WRN] | Microsoft.EntityFrameworkCore.Model.Validation| - 
 No store type was specified for the decimal property 'Price' on entity type 'Dish'. This will cause values to be silently truncated if they do not fit in the default precision and scale. Explicitly specify the SQL server column type that can accommodate all the values in 'OnModelCreating' using 'HasColumnType', specify precision and scale using 'HasPrecision', or configure a value converter using 'HasConversion'.
[2025-11-19 20:02:21 WRN] | Microsoft.EntityFrameworkCore.Model.Validation| - 
 Sensitive data logging is enabled. Log entries and exception messages may include sensitive application data; this mode should only be enabled during development.
[2025-11-19 20:02:21 WRN] | Microsoft.EntityFrameworkCore.Model.Validation| - 
 The entity type 'Address' is an optional dependent using table sharing without any required non shared property that could be used to identify whether the entity exists. If all nullable properties contain a null value in database then an object instance won't be created in the query. Add a required property to create instances with null values for other properties or mark the incoming navigation as required to always create an instance.
[2025-11-19 20:02:21 WRN] | Microsoft.EntityFrameworkCore.Model.Validation| - 
 No store type was specified for the decimal property 'Price' on entity type 'Dish'. This will cause values to be silently truncated if they do not fit in the default precision and scale. Explicitly specify the SQL server column type that can accommodate all the values in 'OnModelCreating' using 'HasColumnType', specify precision and scale using 'HasPrecision', or configure a value converter using 'HasConversion'.
[2025-11-19 20:02:33 ERR] | Microsoft.EntityFrameworkCore.Database.Command| - 
 Failed executing DbCommand (18ms) [Parameters=[], CommandType='"Text"', CommandTimeout='30']
CREATE TABLE [AspNetRoles] (
    [Id] TEXT NOT NULL,
    [Name] TEXT NULL,
    [NormalizedName] TEXT NULL,
    [ConcurrencyStamp] TEXT NULL,
    CONSTRAINT [PK_AspNetRoles] PRIMARY KEY ([Id])
);
[2025-11-19 20:09:46 WRN] | Microsoft.EntityFrameworkCore.Model.Validation| - 
 Sensitive data logging is enabled. Log entries and exception messages may include sensitive application data; this mode should only be enabled during development.
[2025-11-19 20:09:46 WRN] | Microsoft.EntityFrameworkCore.Model.Validation| - 
 The entity type 'Address' is an optional dependent using table sharing without any required non shared property that could be used to identify whether the entity exists. If all nullable properties contain a null value in database then an object instance won't be created in the query. Add a required property to create instances with null values for other properties or mark the incoming navigation as required to always create an instance.
[2025-11-19 20:09:46 WRN] | Microsoft.EntityFrameworkCore.Model.Validation| - 
 No store type was specified for the decimal property 'Price' on entity type 'Dish'. This will cause values to be silently truncated if they do not fit in the default precision and scale. Explicitly specify the SQL server column type that can accommodate all the values in 'OnModelCreating' using 'HasColumnType', specify precision and scale using 'HasPrecision', or configure a value converter using 'HasConversion'.
[2025-11-19 20:09:47 WRN] | Microsoft.EntityFrameworkCore.Model.Validation| - 
 The entity type 'Address' is an optional dependent using table sharing without any required non shared property that could be used to identify whether the entity exists. If all nullable properties contain a null value in database then an object instance won't be created in the query. Add a required property to create instances with null values for other properties or mark the incoming navigation as required to always create an instance.
[2025-11-19 20:09:47 WRN] | Microsoft.EntityFrameworkCore.Model.Validation| - 
 No store type was specified for the decimal property 'Price' on entity type 'Dish'. This will cause values to be silently truncated if they do not fit in the default precision and scale. Explicitly specify the SQL server column type that can accommodate all the values in 'OnModelCreating' using 'HasColumnType', specify precision and scale using 'HasPrecision', or configure a value converter using 'HasConversion'.
[2025-11-19 20:10:46 WRN] | Microsoft.EntityFrameworkCore.Model.Validation| - 
 Sensitive data logging is enabled. Log entries and exception messages may include sensitive application data; this mode should only be enabled during development.
[2025-11-19 20:10:46 WRN] | Microsoft.EntityFrameworkCore.Model.Validation| - 
 The entity type 'Address' is an optional dependent using table sharing without any required non shared property that could be used to identify whether the entity exists. If all nullable properties contain a null value in database then an object instance won't be created in the query. Add a required property to create instances with null values for other properties or mark the incoming navigation as required to always create an instance.
[2025-11-19 20:10:46 WRN] | Microsoft.EntityFrameworkCore.Model.Validation| - 
 No store type was specified for the decimal property 'Price' on entity type 'Dish'. This will cause values to be silently truncated if they do not fit in the default precision and scale. Explicitly specify the SQL server column type that can accommodate all the values in 'OnModelCreating' using 'HasColumnType', specify precision and scale using 'HasPrecision', or configure a value converter using 'HasConversion'.
[2025-11-19 20:12:15 WRN] | Microsoft.EntityFrameworkCore.Model.Validation| - 
 Sensitive data logging is enabled. Log entries and exception messages may include sensitive application data; this mode should only be enabled during development.
[2025-11-19 20:12:15 WRN] | Microsoft.EntityFrameworkCore.Model.Validation| - 
 The entity type 'Address' is an optional dependent using table sharing without any required non shared property that could be used to identify whether the entity exists. If all nullable properties contain a null value in database then an object instance won't be created in the query. Add a required property to create instances with null values for other properties or mark the incoming navigation as required to always create an instance.
[2025-11-19 20:12:15 WRN] | Microsoft.EntityFrameworkCore.Model.Validation| - 
 No store type was specified for the decimal property 'Price' on entity type 'Dish'. This will cause values to be silently truncated if they do not fit in the default precision and scale. Explicitly specify the SQL server column type that can accommodate all the values in 'OnModelCreating' using 'HasColumnType', specify precision and scale using 'HasPrecision', or configure a value converter using 'HasConversion'.
[2025-11-19 20:12:16 ERR] | Microsoft.EntityFrameworkCore.Update| - 
 An exception occurred in the database while saving changes for context type 'Restaurents.Infrastructure.Persistance.RestaurentDbContext'.
Microsoft.EntityFrameworkCore.DbUpdateException: An error occurred while saving the entity changes. See the inner exception for details.
 ---> Microsoft.Data.SqlClient.SqlException (0x80131904): Cannot insert the value NULL into column 'OwnerId', table 'db-mycloud-sql.dbo.Restaurents'; column does not allow nulls. UPDATE fails.
   at Microsoft.Data.SqlClient.SqlConnection.OnError(SqlException exception, Boolean breakConnection, Action`1 wrapCloseInAction)
   at Microsoft.Data.SqlClient.SqlInternalConnection.OnError(SqlException exception, Boolean breakConnection, Action`1 wrapCloseInAction)
   at Microsoft.Data.SqlClient.TdsParser.ThrowExceptionAndWarning(TdsParserStateObject stateObj, Boolean callerHasConnectionLock, Boolean asyncClose)
   at Microsoft.Data.SqlClient.TdsParser.TryRun(RunBehavior runBehavior, SqlCommand cmdHandler, SqlDataReader dataStream, BulkCopySimpleResultSet bulkCopyHandler, TdsParserStateObject stateObj, Boolean& dataReady)
   at Microsoft.Data.SqlClient.SqlDataReader.TryHasMoreRows(Boolean& moreRows)
   at Microsoft.Data.SqlClient.SqlDataReader.TryReadInternal(Boolean setTimeout, Boolean& more)
   at Microsoft.Data.SqlClient.SqlDataReader.ReadAsyncExecute(Task task, Object state)
   at Microsoft.Data.SqlClient.SqlDataReader.InvokeAsyncCall[T](SqlDataReaderBaseAsyncCallContext`1 context)
--- End of stack trace from previous location ---
   at Microsoft.EntityFrameworkCore.Update.AffectedCountModificationCommandBatch.ConsumeResultSetAsync(Int32 startCommandIndex, RelationalDataReader reader, CancellationToken cancellationToken)
ClientConnectionId:f197935b-6dcc-4168-b5be-969eee9b9299
Error Number:515,State:2,Class:16
   --- End of inner exception stack trace ---
   at Microsoft.EntityFrameworkCore.Update.AffectedCountModificationCommandBatch.ConsumeResultSetAsync(Int32 startCommandIndex, RelationalDataReader reader, CancellationToken cancellationToken)
   at Microsoft.EntityFrameworkCore.Update.AffectedCountModificationCommandBatch.ConsumeAsync(RelationalDataReader reader, CancellationToken cancellationToken)
   at Microsoft.EntityFrameworkCore.Update.ReaderModificationCommandBatch.ExecuteAsync(IRelationalConnection connection, CancellationToken cancellationToken)
   at Microsoft.EntityFrameworkCore.Update.ReaderModificationCommandBatch.ExecuteAsync(IRelationalConnection connection, CancellationToken cancellationToken)
   at Microsoft.EntityFrameworkCore.SqlServer.Update.Internal.SqlServerModificationCommandBatch.ExecuteAsync(IRelationalConnection connection, CancellationToken cancellationToken)
   at Microsoft.EntityFrameworkCore.Update.Internal.BatchExecutor.ExecuteAsync(IEnumerable`1 commandBatches, IRelationalConnection connection, CancellationToken cancellationToken)
   at Microsoft.EntityFrameworkCore.Update.Internal.BatchExecutor.ExecuteAsync(IEnumerable`1 commandBatches, IRelationalConnection connection, CancellationToken cancellationToken)
   at Microsoft.EntityFrameworkCore.Update.Internal.BatchExecutor.ExecuteAsync(IEnumerable`1 commandBatches, IRelationalConnection connection, CancellationToken cancellationToken)
   at Microsoft.EntityFrameworkCore.ChangeTracking.Internal.StateManager.SaveChangesAsync(IList`1 entriesToSave, CancellationToken cancellationToken)
   at Microsoft.EntityFrameworkCore.ChangeTracking.Internal.StateManager.SaveChangesAsync(StateManager stateManager, Boolean acceptAllChangesOnSuccess, CancellationToken cancellationToken)
   at Microsoft.EntityFrameworkCore.SqlServer.Storage.Internal.SqlServerExecutionStrategy.ExecuteAsync[TState,TResult](TState state, Func`4 operation, Func`4 verifySucceeded, CancellationToken cancellationToken)
   at Microsoft.EntityFrameworkCore.DbContext.SaveChangesAsync(Boolean acceptAllChangesOnSuccess, CancellationToken cancellationToken)
Microsoft.EntityFrameworkCore.DbUpdateException: An error occurred while saving the entity changes. See the inner exception for details.
 ---> Microsoft.Data.SqlClient.SqlException (0x80131904): Cannot insert the value NULL into column 'OwnerId', table 'db-mycloud-sql.dbo.Restaurents'; column does not allow nulls. UPDATE fails.
   at Microsoft.Data.SqlClient.SqlConnection.OnError(SqlException exception, Boolean breakConnection, Action`1 wrapCloseInAction)
   at Microsoft.Data.SqlClient.SqlInternalConnection.OnError(SqlException exception, Boolean breakConnection, Action`1 wrapCloseInAction)
   at Microsoft.Data.SqlClient.TdsParser.ThrowExceptionAndWarning(TdsParserStateObject stateObj, Boolean callerHasConnectionLock, Boolean asyncClose)
   at Microsoft.Data.SqlClient.TdsParser.TryRun(RunBehavior runBehavior, SqlCommand cmdHandler, SqlDataReader dataStream, BulkCopySimpleResultSet bulkCopyHandler, TdsParserStateObject stateObj, Boolean& dataReady)
   at Microsoft.Data.SqlClient.SqlDataReader.TryHasMoreRows(Boolean& moreRows)
   at Microsoft.Data.SqlClient.SqlDataReader.TryReadInternal(Boolean setTimeout, Boolean& more)
   at Microsoft.Data.SqlClient.SqlDataReader.ReadAsyncExecute(Task task, Object state)
   at Microsoft.Data.SqlClient.SqlDataReader.InvokeAsyncCall[T](SqlDataReaderBaseAsyncCallContext`1 context)
--- End of stack trace from previous location ---
   at Microsoft.EntityFrameworkCore.Update.AffectedCountModificationCommandBatch.ConsumeResultSetAsync(Int32 startCommandIndex, RelationalDataReader reader, CancellationToken cancellationToken)
ClientConnectionId:f197935b-6dcc-4168-b5be-969eee9b9299
Error Number:515,State:2,Class:16
   --- End of inner exception stack trace ---
   at Microsoft.EntityFrameworkCore.Update.AffectedCountModificationCommandBatch.ConsumeResultSetAsync(Int32 startCommandIndex, RelationalDataReader reader, CancellationToken cancellationToken)
   at Microsoft.EntityFrameworkCore.Update.AffectedCountModificationCommandBatch.ConsumeAsync(RelationalDataReader reader, CancellationToken cancellationToken)
   at Microsoft.EntityFrameworkCore.Update.ReaderModificationCommandBatch.ExecuteAsync(IRelationalConnection connection, CancellationToken cancellationToken)
   at Microsoft.EntityFrameworkCore.Update.ReaderModificationCommandBatch.ExecuteAsync(IRelationalConnection connection, CancellationToken cancellationToken)
   at Microsoft.EntityFrameworkCore.SqlServer.Update.Internal.SqlServerModificationCommandBatch.ExecuteAsync(IRelationalConnection connection, CancellationToken cancellationToken)
   at Microsoft.EntityFrameworkCore.Update.Internal.BatchExecutor.ExecuteAsync(IEnumerable`1 commandBatches, IRelationalConnection connection, CancellationToken cancellationToken)
   at Microsoft.EntityFrameworkCore.Update.Internal.BatchExecutor.ExecuteAsync(IEnumerable`1 commandBatches, IRelationalConnection connection, CancellationToken cancellationToken)
   at Microsoft.EntityFrameworkCore.Update.Internal.BatchExecutor.ExecuteAsync(IEnumerable`1 commandBatches, IRelationalConnection connection, CancellationToken cancellationToken)
   at Microsoft.EntityFrameworkCore.ChangeTracking.Internal.StateManager.SaveChangesAsync(IList`1 entriesToSave, CancellationToken cancellationToken)
   at Microsoft.EntityFrameworkCore.ChangeTracking.Internal.StateManager.SaveChangesAsync(StateManager stateManager, Boolean acceptAllChangesOnSuccess, CancellationToken cancellationToken)
   at Microsoft.EntityFrameworkCore.SqlServer.Storage.Internal.SqlServerExecutionStrategy.ExecuteAsync[TState,TResult](TState state, Func`4 operation, Func`4 verifySucceeded, CancellationToken cancellationToken)
   at Microsoft.EntityFrameworkCore.DbContext.SaveChangesAsync(Boolean acceptAllChangesOnSuccess, CancellationToken cancellationToken)
[2025-11-19 21:24:05 WRN] | Microsoft.AspNetCore.HttpsPolicy.HttpsRedirectionMiddleware| - 
 Failed to determine the https port for redirect.
[2025-11-19 21:24:06 WRN] | Microsoft.EntityFrameworkCore.Model.Validation| - 
 Sensitive data logging is enabled. Log entries and exception messages may include sensitive application data; this mode should only be enabled during development.
[2025-11-19 21:24:06 WRN] | Microsoft.EntityFrameworkCore.Model.Validation| - 
 The entity type 'Address' is an optional dependent using table sharing without any required non shared property that could be used to identify whether the entity exists. If all nullable properties contain a null value in database then an object instance won't be created in the query. Add a required property to create instances with null values for other properties or mark the incoming navigation as required to always create an instance.
[2025-11-19 21:24:06 WRN] | Microsoft.EntityFrameworkCore.Model.Validation| - 
 No store type was specified for the decimal property 'Price' on entity type 'Dish'. This will cause values to be silently truncated if they do not fit in the default precision and scale. Explicitly specify the SQL server column type that can accommodate all the values in 'OnModelCreating' using 'HasColumnType', specify precision and scale using 'HasPrecision', or configure a value converter using 'HasConversion'.
[2025-11-19 21:24:06 INF] | Serilog.AspNetCore.RequestLoggingMiddleware| - 
 HTTP POST /api/identity/register responded 200 in 823.9615 ms
[2025-11-19 21:25:29 INF] | Serilog.AspNetCore.RequestLoggingMiddleware| - 
 HTTP POST /api/restaurents responded 401 in 3.4470 ms
[2025-11-19 21:25:43 INF] | Serilog.AspNetCore.RequestLoggingMiddleware| - 
 HTTP POST /api/identity/login responded 200 in 198.9940 ms
[2025-11-19 21:25:46 INF] | Serilog.AspNetCore.RequestLoggingMiddleware| - 
 HTTP POST /api/restaurents responded 403 in 2.3159 ms
[2025-11-19 21:25:47 INF] | Serilog.AspNetCore.RequestLoggingMiddleware| - 
 HTTP POST /api/restaurents responded 403 in 1.8401 ms
[2025-11-19 21:26:27 WRN] | LuckyPennySoftware.MediatR.License| - 
 You do not have a valid license key for the Lucky Penny software MediatR. This is allowed for development and testing scenarios. If you are running in production you are required to have a licensed version. Please visit https://luckypennysoftware.com to obtain a valid license.
[2025-11-19 21:26:27 ERR] | Serilog.AspNetCore.RequestLoggingMiddleware| - 
 HTTP GET /api/restaurents/1 responded 500 in 149.4904 ms
Restaurents.Domain.Exceptions.NotFoundException: Record (1)  Not found
   at Restaurents.Infrastructure.Repositories.Implementations.RestaurentRepository.GetRestaurentById(Int32 id) in /Users/luffy/DotnetProjects/Restaurents/code/Restaurents.Infrastructure/Repositories/Implementations/RestaurentRepository.cs:line 90
   at Restaurents.Application.Queries.GetRestaurentById.GetRestaurentByIdQueryHandler.Handle(GetRestaurentByIdQuery request, CancellationToken cancellationToken) in /Users/luffy/DotnetProjects/Restaurents/code/Restaurents.Application/CQRS/Queries/GetRestaurentById/GetRestaurentByIdQueryHandler.cs:line 13
   at Restaurents.Controllers.RestaurentsController.GetRestaurentById(Int32 id) in /Users/luffy/DotnetProjects/Restaurents/code/API/Controllers/RestaurentsController.cs:line 40
   at Microsoft.AspNetCore.Mvc.Infrastructure.ActionMethodExecutor.TaskOfIActionResultExecutor.Execute(ActionContext actionContext, IActionResultTypeMapper mapper, ObjectMethodExecutor executor, Object controller, Object[] arguments)
   at Microsoft.AspNetCore.Mvc.Infrastructure.ControllerActionInvoker.<InvokeActionMethodAsync>g__Awaited|12_0(ControllerActionInvoker invoker, ValueTask`1 actionResultValueTask)
   at Microsoft.AspNetCore.Mvc.Infrastructure.ControllerActionInvoker.<InvokeNextActionFilterAsync>g__Awaited|10_0(ControllerActionInvoker invoker, Task lastTask, State next, Scope scope, Object state, Boolean isCompleted)
   at Microsoft.AspNetCore.Mvc.Infrastructure.ControllerActionInvoker.Rethrow(ActionExecutedContextSealed context)
   at Microsoft.AspNetCore.Mvc.Infrastructure.ControllerActionInvoker.Next(State& next, Scope& scope, Object& state, Boolean& isCompleted)
   at Microsoft.AspNetCore.Mvc.Infrastructure.ControllerActionInvoker.<InvokeInnerFilterAsync>g__Awaited|13_0(ControllerActionInvoker invoker, Task lastTask, State next, Scope scope, Object state, Boolean isCompleted)
   at Microsoft.AspNetCore.Mvc.Infrastructure.ResourceInvoker.<InvokeFilterPipelineAsync>g__Awaited|20_0(ResourceInvoker invoker, Task lastTask, State next, Scope scope, Object state, Boolean isCompleted)
   at Microsoft.AspNetCore.Mvc.Infrastructure.ResourceInvoker.<InvokeAsync>g__Awaited|17_0(ResourceInvoker invoker, Task task, IDisposable scope)
   at Microsoft.AspNetCore.Mvc.Infrastructure.ResourceInvoker.<InvokeAsync>g__Awaited|17_0(ResourceInvoker invoker, Task task, IDisposable scope)
   at Microsoft.AspNetCore.Authorization.AuthorizationMiddleware.Invoke(HttpContext context)
   at Serilog.AspNetCore.RequestLoggingMiddleware.Invoke(HttpContext httpContext)
[2025-11-19 21:26:27 ERR] | Restaurents.API.Middlewares.ExceptionHandelingMiddleware| - 
 Record (1)  Not found
[2025-11-19 21:26:47 INF] | Restaurents.Controllers.RestaurentsController| - 
 GetAllRestaurents method called.
[2025-11-19 21:26:47 INF] | Restaurents.Application.Queries.GetAllRestaurents.GetAllRestaurentsQueryHandler| - 
 Inside Service layer - GetAllRestaurentsQueryHandler , Request object is - {"searchPhrase":"res","PageNumber":1,"PageSize":10,"SortBy":"Name","SortDirection":1}
[2025-11-19 21:26:47 INF] | Restaurents.Infrastructure.Repositories.Implementations.RestaurentRepository| - 
 Inside Infra layer GetAllRestaurents called
[2025-11-19 21:26:48 INF] | Restaurents.Infrastructure.Repositories.Implementations.RestaurentRepository| - 
 Response from DB call - []
[2025-11-19 21:26:48 ERR] | Serilog.AspNetCore.RequestLoggingMiddleware| - 
 HTTP GET /api/restaurents responded 500 in 114.3439 ms
Restaurents.Domain.Exceptions.NotFoundException: List is empty or No restaurents found
   at Restaurents.Infrastructure.Repositories.Implementations.RestaurentRepository.GetAllRestaurents(String searchPhrase, Int32 PageSize, Int32 PageNumber, String SortBy, SortDirection SortDirection) in /Users/luffy/DotnetProjects/Restaurents/code/Restaurents.Infrastructure/Repositories/Implementations/RestaurentRepository.cs:line 75
   at Restaurents.Application.Queries.GetAllRestaurents.GetAllRestaurentsQueryHandler.Handle(GetAllRestaurentsQuery request, CancellationToken cancellationToken) in /Users/luffy/DotnetProjects/Restaurents/code/Restaurents.Application/CQRS/Queries/GetAllRestaurents/GetAllRestaurentsQueryHandler.cs:line 18
   at Restaurents.Controllers.RestaurentsController.GetAllRestaurents(GetAllRestaurentsQuery query) in /Users/luffy/DotnetProjects/Restaurents/code/API/Controllers/RestaurentsController.cs:line 29
   at Microsoft.AspNetCore.Mvc.Infrastructure.ActionMethodExecutor.TaskOfIActionResultExecutor.Execute(ActionContext actionContext, IActionResultTypeMapper mapper, ObjectMethodExecutor executor, Object controller, Object[] arguments)
   at Microsoft.AspNetCore.Mvc.Infrastructure.ControllerActionInvoker.<InvokeActionMethodAsync>g__Awaited|12_0(ControllerActionInvoker invoker, ValueTask`1 actionResultValueTask)
   at Microsoft.AspNetCore.Mvc.Infrastructure.ControllerActionInvoker.<InvokeNextActionFilterAsync>g__Awaited|10_0(ControllerActionInvoker invoker, Task lastTask, State next, Scope scope, Object state, Boolean isCompleted)
   at Microsoft.AspNetCore.Mvc.Infrastructure.ControllerActionInvoker.Rethrow(ActionExecutedContextSealed context)
   at Microsoft.AspNetCore.Mvc.Infrastructure.ControllerActionInvoker.Next(State& next, Scope& scope, Object& state, Boolean& isCompleted)
   at Microsoft.AspNetCore.Mvc.Infrastructure.ControllerActionInvoker.<InvokeInnerFilterAsync>g__Awaited|13_0(ControllerActionInvoker invoker, Task lastTask, State next, Scope scope, Object state, Boolean isCompleted)
   at Microsoft.AspNetCore.Mvc.Infrastructure.ResourceInvoker.<InvokeFilterPipelineAsync>g__Awaited|20_0(ResourceInvoker invoker, Task lastTask, State next, Scope scope, Object state, Boolean isCompleted)
   at Microsoft.AspNetCore.Mvc.Infrastructure.ResourceInvoker.<InvokeAsync>g__Awaited|17_0(ResourceInvoker invoker, Task task, IDisposable scope)
   at Microsoft.AspNetCore.Mvc.Infrastructure.ResourceInvoker.<InvokeAsync>g__Awaited|17_0(ResourceInvoker invoker, Task task, IDisposable scope)
   at Microsoft.AspNetCore.Authorization.AuthorizationMiddleware.Invoke(HttpContext context)
   at Serilog.AspNetCore.RequestLoggingMiddleware.Invoke(HttpContext httpContext)
[2025-11-19 21:26:48 ERR] | Restaurents.API.Middlewares.ExceptionHandelingMiddleware| - 
 List is empty or No restaurents found
[2025-11-19 21:27:03 INF] | Serilog.AspNetCore.RequestLoggingMiddleware| - 
 HTTP POST /api/restaurents responded 403 in 0.2034 ms
