[2025-11-12 19:46:05 WRN] | Microsoft.EntityFrameworkCore.Model.Validation| - 
 Sensitive data logging is enabled. Log entries and exception messages may include sensitive application data; this mode should only be enabled during development.
[2025-11-12 19:46:05 WRN] | Microsoft.EntityFrameworkCore.Model.Validation| - 
 The entity type 'Address' is an optional dependent using table sharing without any required non shared property that could be used to identify whether the entity exists. If all nullable properties contain a null value in database then an object instance won't be created in the query. Add a required property to create instances with null values for other properties or mark the incoming navigation as required to always create an instance.
[2025-11-12 19:47:32 WRN] | Microsoft.AspNetCore.HttpsPolicy.HttpsRedirectionMiddleware| - 
 Failed to determine the https port for redirect.
[2025-11-12 19:47:32 WRN] | LuckyPennySoftware.MediatR.License| - 
 You do not have a valid license key for the Lucky Penny software MediatR. This is allowed for development and testing scenarios. If you are running in production you are required to have a licensed version. Please visit https://luckypennysoftware.com to obtain a valid license.
[2025-11-12 19:47:32 INF] | Restaurents.Application.CQRS.Queries.GetAllDishes.GetAllDishesQueryHandler| - 
 Inside GetAllDishesQueryHandler for restaurentId 122
[2025-11-12 19:47:32 INF] | Serilog.AspNetCore.RequestLoggingMiddleware| - 
 HTTP GET /api/restaurent/122/dishes responded 404 in 110.1604 ms
[2025-11-12 19:47:38 INF] | Restaurents.Application.CQRS.Queries.GetAllDishes.GetAllDishesQueryHandler| - 
 Inside GetAllDishesQueryHandler for restaurentId 2
[2025-11-12 19:47:38 INF] | Restaurents.Application.CQRS.Queries.GetAllDishes.GetAllDishesQueryHandler| - 
 Inside GetAllDishesQueryHandler for restaurentId [{"Id":3,"Name":"Grilled Prawns","Description":"Prawns marinated with herbs and grilled.","Price":320.0,"IsVeg":false,"IsAvailable":true,"Calories":null,"RestaurentId":2,"$type":"Dish"},{"Id":4,"Name":"Fish Curry","Description":"Traditional South Indian fish curry.","Price":280.0,"IsVeg":false,"IsAvailable":true,"Calories":null,"RestaurentId":2,"$type":"Dish"}]
[2025-11-12 19:47:38 INF] | Serilog.AspNetCore.RequestLoggingMiddleware| - 
 HTTP GET /api/restaurent/2/dishes responded 200 in 95.8342 ms
[2025-11-12 20:17:01 INF] | Restaurents.Application.CQRS.Queries.GetAllDishes.GetAllDishesQueryHandler| - 
 Inside GetAllDishesQueryHandler for restaurentId 1
[2025-11-12 20:17:01 INF] | Restaurents.Application.CQRS.Queries.GetAllDishes.GetAllDishesQueryHandler| - 
 Inside GetAllDishesQueryHandler for restaurentId [{"Id":1,"Name":"Butter Chicken","Description":"Creamy tomato gravy with tender chicken pieces.","Price":250.0,"IsVeg":false,"IsAvailable":true,"Calories":null,"RestaurentId":1,"$type":"Dish"},{"Id":2,"Name":"Paneer Tikka","Description":"Grilled cottage cheese with spices.","Price":180.0,"IsVeg":true,"IsAvailable":true,"Calories":null,"RestaurentId":1,"$type":"Dish"},{"Id":7,"Name":"Paneer Butter Masala","Description":"Rich creamy curry made with paneer and butter, served with naan or rice.","Price":220.5,"IsVeg":true,"IsAvailable":true,"Calories":320,"RestaurentId":1,"$type":"Dish"}]
[2025-11-12 20:17:01 INF] | Serilog.AspNetCore.RequestLoggingMiddleware| - 
 HTTP GET /api/restaurent/1/dishes responded 200 in 15.5789 ms
[2025-11-12 20:17:06 INF] | Restaurents.Application.CQRS.Queries.GetAllDishes.GetAllDishesQueryHandler| - 
 Inside GetAllDishesQueryHandler for restaurentId 3
[2025-11-12 20:17:06 INF] | Restaurents.Application.CQRS.Queries.GetAllDishes.GetAllDishesQueryHandler| - 
 Inside GetAllDishesQueryHandler for restaurentId [{"Id":5,"Name":"Quinoa Salad","Description":"A refreshing salad with quinoa, veggies, and olive oil dressing.","Price":200.0,"IsVeg":true,"IsAvailable":true,"Calories":null,"RestaurentId":3,"$type":"Dish"},{"Id":6,"Name":"Vegan Burger","Description":"Plant-based burger with lettuce and avocado.","Price":220.0,"IsVeg":true,"IsAvailable":true,"Calories":null,"RestaurentId":3,"$type":"Dish"}]
[2025-11-12 20:17:06 INF] | Serilog.AspNetCore.RequestLoggingMiddleware| - 
 HTTP GET /api/restaurent/3/dishes responded 200 in 3.7804 ms
[2025-11-12 20:17:10 INF] | Restaurents.Application.CQRS.Queries.GetAllDishes.GetAllDishesQueryHandler| - 
 Inside GetAllDishesQueryHandler for restaurentId 5
[2025-11-12 20:17:10 INF] | Restaurents.Application.CQRS.Queries.GetAllDishes.GetAllDishesQueryHandler| - 
 Inside GetAllDishesQueryHandler for restaurentId []
[2025-11-12 20:17:10 INF] | Serilog.AspNetCore.RequestLoggingMiddleware| - 
 HTTP GET /api/restaurent/5/dishes responded 200 in 5.4415 ms
[2025-11-12 20:17:12 INF] | Restaurents.Application.CQRS.Queries.GetAllDishes.GetAllDishesQueryHandler| - 
 Inside GetAllDishesQueryHandler for restaurentId 3
[2025-11-12 20:17:12 INF] | Restaurents.Application.CQRS.Queries.GetAllDishes.GetAllDishesQueryHandler| - 
 Inside GetAllDishesQueryHandler for restaurentId [{"Id":5,"Name":"Quinoa Salad","Description":"A refreshing salad with quinoa, veggies, and olive oil dressing.","Price":200.0,"IsVeg":true,"IsAvailable":true,"Calories":null,"RestaurentId":3,"$type":"Dish"},{"Id":6,"Name":"Vegan Burger","Description":"Plant-based burger with lettuce and avocado.","Price":220.0,"IsVeg":true,"IsAvailable":true,"Calories":null,"RestaurentId":3,"$type":"Dish"}]
[2025-11-12 20:17:12 INF] | Serilog.AspNetCore.RequestLoggingMiddleware| - 
 HTTP GET /api/restaurent/3/dishes responded 200 in 2.5704 ms
[2025-11-12 20:30:55 WRN] | Microsoft.EntityFrameworkCore.Model.Validation| - 
 Sensitive data logging is enabled. Log entries and exception messages may include sensitive application data; this mode should only be enabled during development.
[2025-11-12 20:30:55 WRN] | Microsoft.EntityFrameworkCore.Model.Validation| - 
 The entity type 'Address' is an optional dependent using table sharing without any required non shared property that could be used to identify whether the entity exists. If all nullable properties contain a null value in database then an object instance won't be created in the query. Add a required property to create instances with null values for other properties or mark the incoming navigation as required to always create an instance.
[2025-11-12 20:31:10 WRN] | Microsoft.AspNetCore.HttpsPolicy.HttpsRedirectionMiddleware| - 
 Failed to determine the https port for redirect.
[2025-11-12 20:31:10 WRN] | LuckyPennySoftware.MediatR.License| - 
 You do not have a valid license key for the Lucky Penny software MediatR. This is allowed for development and testing scenarios. If you are running in production you are required to have a licensed version. Please visit https://luckypennysoftware.com to obtain a valid license.
[2025-11-12 20:31:10 INF] | Restaurents.Application.CQRS.Queries.GetDishById.GetDishByIdQueryHandler| - 
 GetDishByIdQueryHandler {"Id":5,"Name":"Quinoa Salad","Description":"A refreshing salad with quinoa, veggies, and olive oil dressing.","Price":200.0,"IsVeg":true,"IsAvailable":true,"Calories":null,"RestaurentId":3,"$type":"Dish"}
[2025-11-12 20:31:10 INF] | Serilog.AspNetCore.RequestLoggingMiddleware| - 
 HTTP GET /api/restaurent/3/dishes/5 responded 200 in 132.2015 ms
[2025-11-12 20:31:16 INF] | Restaurents.Application.CQRS.Queries.GetDishById.GetDishByIdQueryHandler| - 
 GetDishByIdQueryHandler {"Id":5,"Name":"Quinoa Salad","Description":"A refreshing salad with quinoa, veggies, and olive oil dressing.","Price":200.0,"IsVeg":true,"IsAvailable":true,"Calories":null,"RestaurentId":3,"$type":"Dish"}
[2025-11-12 20:31:16 INF] | Serilog.AspNetCore.RequestLoggingMiddleware| - 
 HTTP GET /api/restaurent/1/dishes/5 responded 200 in 32.8861 ms
[2025-11-12 20:31:23 ERR] | Serilog.AspNetCore.RequestLoggingMiddleware| - 
 HTTP GET /api/restaurent/88/dishes/5 responded 500 in 6.3523 ms
Restaurents.Domain.Exceptions.NotFoundException: Restaurent not found 88
   at Restaurents.Infrastructure.Repositories.Implementations.DishRepository.GetDishById(Int32 restId, Int32 DishId) in /Users/luffy/DotnetProjects/Restaurents/Restaurents.Infrastructure/Repositories/Implementations/DishRepository.cs:line 43
   at Restaurents.Application.CQRS.Queries.GetDishById.GetDishByIdQueryHandler.Handle(GetDishByIdQuery request, CancellationToken cancellationToken) in /Users/luffy/DotnetProjects/Restaurents/Restaurents.Application/CQRS/Queries/GetDishById/GetDishByIdQueryHandler.cs:line 14
   at Restaurents.API.Controllers.DishesController.GetDishById(Int32 Id, Int32 restaurentId) in /Users/luffy/DotnetProjects/Restaurents/API/Controllers/DishesController.cs:line 80
   at Microsoft.AspNetCore.Mvc.Infrastructure.ActionMethodExecutor.TaskOfIActionResultExecutor.Execute(ActionContext actionContext, IActionResultTypeMapper mapper, ObjectMethodExecutor executor, Object controller, Object[] arguments)
   at Microsoft.AspNetCore.Mvc.Infrastructure.ControllerActionInvoker.<InvokeActionMethodAsync>g__Awaited|12_0(ControllerActionInvoker invoker, ValueTask`1 actionResultValueTask)
   at Microsoft.AspNetCore.Mvc.Infrastructure.ControllerActionInvoker.<InvokeNextActionFilterAsync>g__Awaited|10_0(ControllerActionInvoker invoker, Task lastTask, State next, Scope scope, Object state, Boolean isCompleted)
   at Microsoft.AspNetCore.Mvc.Infrastructure.ControllerActionInvoker.Rethrow(ActionExecutedContextSealed context)
   at Microsoft.AspNetCore.Mvc.Infrastructure.ControllerActionInvoker.Next(State& next, Scope& scope, Object& state, Boolean& isCompleted)
   at Microsoft.AspNetCore.Mvc.Infrastructure.ControllerActionInvoker.InvokeInnerFilterAsync()
--- End of stack trace from previous location ---
   at Microsoft.AspNetCore.Mvc.Infrastructure.ResourceInvoker.<InvokeFilterPipelineAsync>g__Awaited|20_0(ResourceInvoker invoker, Task lastTask, State next, Scope scope, Object state, Boolean isCompleted)
   at Microsoft.AspNetCore.Mvc.Infrastructure.ResourceInvoker.<InvokeAsync>g__Awaited|17_0(ResourceInvoker invoker, Task task, IDisposable scope)
   at Microsoft.AspNetCore.Mvc.Infrastructure.ResourceInvoker.<InvokeAsync>g__Awaited|17_0(ResourceInvoker invoker, Task task, IDisposable scope)
   at Microsoft.AspNetCore.Authorization.AuthorizationMiddleware.Invoke(HttpContext context)
   at Serilog.AspNetCore.RequestLoggingMiddleware.Invoke(HttpContext httpContext)
[2025-11-12 20:31:23 ERR] | Restaurents.API.Middlewares.ExceptionHandelingMiddleware| - 
 Restaurent not found 88
[2025-11-12 20:31:31 ERR] | Serilog.AspNetCore.RequestLoggingMiddleware| - 
 HTTP GET /api/restaurent/1/dishes/09 responded 500 in 4.7943 ms
Restaurents.Domain.Exceptions.NotFoundException: dish not found 1
   at Restaurents.Infrastructure.Repositories.Implementations.DishRepository.GetDishById(Int32 restId, Int32 DishId) in /Users/luffy/DotnetProjects/Restaurents/Restaurents.Infrastructure/Repositories/Implementations/DishRepository.cs:line 50
   at Restaurents.Application.CQRS.Queries.GetDishById.GetDishByIdQueryHandler.Handle(GetDishByIdQuery request, CancellationToken cancellationToken) in /Users/luffy/DotnetProjects/Restaurents/Restaurents.Application/CQRS/Queries/GetDishById/GetDishByIdQueryHandler.cs:line 14
   at Restaurents.API.Controllers.DishesController.GetDishById(Int32 Id, Int32 restaurentId) in /Users/luffy/DotnetProjects/Restaurents/API/Controllers/DishesController.cs:line 80
   at Microsoft.AspNetCore.Mvc.Infrastructure.ActionMethodExecutor.TaskOfIActionResultExecutor.Execute(ActionContext actionContext, IActionResultTypeMapper mapper, ObjectMethodExecutor executor, Object controller, Object[] arguments)
   at Microsoft.AspNetCore.Mvc.Infrastructure.ControllerActionInvoker.<InvokeActionMethodAsync>g__Awaited|12_0(ControllerActionInvoker invoker, ValueTask`1 actionResultValueTask)
   at Microsoft.AspNetCore.Mvc.Infrastructure.ControllerActionInvoker.<InvokeNextActionFilterAsync>g__Awaited|10_0(ControllerActionInvoker invoker, Task lastTask, State next, Scope scope, Object state, Boolean isCompleted)
   at Microsoft.AspNetCore.Mvc.Infrastructure.ControllerActionInvoker.Rethrow(ActionExecutedContextSealed context)
   at Microsoft.AspNetCore.Mvc.Infrastructure.ControllerActionInvoker.Next(State& next, Scope& scope, Object& state, Boolean& isCompleted)
   at Microsoft.AspNetCore.Mvc.Infrastructure.ControllerActionInvoker.InvokeInnerFilterAsync()
--- End of stack trace from previous location ---
   at Microsoft.AspNetCore.Mvc.Infrastructure.ResourceInvoker.<InvokeFilterPipelineAsync>g__Awaited|20_0(ResourceInvoker invoker, Task lastTask, State next, Scope scope, Object state, Boolean isCompleted)
   at Microsoft.AspNetCore.Mvc.Infrastructure.ResourceInvoker.<InvokeAsync>g__Awaited|17_0(ResourceInvoker invoker, Task task, IDisposable scope)
   at Microsoft.AspNetCore.Mvc.Infrastructure.ResourceInvoker.<InvokeAsync>g__Awaited|17_0(ResourceInvoker invoker, Task task, IDisposable scope)
   at Microsoft.AspNetCore.Authorization.AuthorizationMiddleware.Invoke(HttpContext context)
   at Serilog.AspNetCore.RequestLoggingMiddleware.Invoke(HttpContext httpContext)
[2025-11-12 20:31:31 ERR] | Restaurents.API.Middlewares.ExceptionHandelingMiddleware| - 
 dish not found 1
