[2025-11-15 16:06:21 WRN] | Microsoft.EntityFrameworkCore.Model.Validation| - 
 Sensitive data logging is enabled. Log entries and exception messages may include sensitive application data; this mode should only be enabled during development.
[2025-11-15 16:06:21 WRN] | Microsoft.EntityFrameworkCore.Model.Validation| - 
 The entity type 'Address' is an optional dependent using table sharing without any required non shared property that could be used to identify whether the entity exists. If all nullable properties contain a null value in database then an object instance won't be created in the query. Add a required property to create instances with null values for other properties or mark the incoming navigation as required to always create an instance.
[2025-11-15 16:06:21 WRN] | Microsoft.EntityFrameworkCore.Model.Validation| - 
 The entity type 'Address' is an optional dependent using table sharing without any required non shared property that could be used to identify whether the entity exists. If all nullable properties contain a null value in database then an object instance won't be created in the query. Add a required property to create instances with null values for other properties or mark the incoming navigation as required to always create an instance.
[2025-11-15 16:07:08 WRN] | Microsoft.EntityFrameworkCore.Model.Validation| - 
 Sensitive data logging is enabled. Log entries and exception messages may include sensitive application data; this mode should only be enabled during development.
[2025-11-15 16:07:08 WRN] | Microsoft.EntityFrameworkCore.Model.Validation| - 
 The entity type 'Address' is an optional dependent using table sharing without any required non shared property that could be used to identify whether the entity exists. If all nullable properties contain a null value in database then an object instance won't be created in the query. Add a required property to create instances with null values for other properties or mark the incoming navigation as required to always create an instance.
[2025-11-15 16:08:57 WRN] | Microsoft.EntityFrameworkCore.Model.Validation| - 
 Sensitive data logging is enabled. Log entries and exception messages may include sensitive application data; this mode should only be enabled during development.
[2025-11-15 16:08:57 WRN] | Microsoft.EntityFrameworkCore.Model.Validation| - 
 The entity type 'Address' is an optional dependent using table sharing without any required non shared property that could be used to identify whether the entity exists. If all nullable properties contain a null value in database then an object instance won't be created in the query. Add a required property to create instances with null values for other properties or mark the incoming navigation as required to always create an instance.
[2025-11-15 16:08:57 WRN] | Microsoft.AspNetCore.DataProtection.KeyManagement.XmlKeyManager| - 
 No XML encryptor configured. Key {b114901a-3df8-449f-8a89-2f0c52175bd5} may be persisted to storage in unencrypted form.
[2025-11-15 16:09:05 WRN] | Microsoft.AspNetCore.HttpsPolicy.HttpsRedirectionMiddleware| - 
 Failed to determine the https port for redirect.
[2025-11-15 16:09:05 INF] | Serilog.AspNetCore.RequestLoggingMiddleware| - 
 HTTP POST /register responded 400 in 23.5083 ms
[2025-11-15 16:09:30 INF] | Serilog.AspNetCore.RequestLoggingMiddleware| - 
 HTTP POST /register responded 200 in 144.1351 ms
[2025-11-15 16:10:05 INF] | Serilog.AspNetCore.RequestLoggingMiddleware| - 
 HTTP POST /login responded 200 in 83.2499 ms
[2025-11-15 16:21:43 INF] | Serilog.AspNetCore.RequestLoggingMiddleware| - 
 HTTP POST /login responded 200 in 57.9967 ms
[2025-11-15 16:30:37 WRN] | Microsoft.EntityFrameworkCore.Model.Validation| - 
 Sensitive data logging is enabled. Log entries and exception messages may include sensitive application data; this mode should only be enabled during development.
[2025-11-15 16:30:37 WRN] | Microsoft.EntityFrameworkCore.Model.Validation| - 
 The entity type 'Address' is an optional dependent using table sharing without any required non shared property that could be used to identify whether the entity exists. If all nullable properties contain a null value in database then an object instance won't be created in the query. Add a required property to create instances with null values for other properties or mark the incoming navigation as required to always create an instance.
[2025-11-15 16:30:41 WRN] | Microsoft.AspNetCore.HttpsPolicy.HttpsRedirectionMiddleware| - 
 Failed to determine the https port for redirect.
[2025-11-15 16:30:41 WRN] | LuckyPennySoftware.MediatR.License| - 
 You do not have a valid license key for the Lucky Penny software MediatR. This is allowed for development and testing scenarios. If you are running in production you are required to have a licensed version. Please visit https://luckypennysoftware.com to obtain a valid license.
[2025-11-15 16:30:41 ERR] | Serilog.AspNetCore.RequestLoggingMiddleware| - 
 HTTP GET /api/restaurent/1/dishes/09 responded 500 in 89.4702 ms
Restaurents.Domain.Exceptions.NotFoundException: dish not found 1
   at Restaurents.Infrastructure.Repositories.Implementations.DishRepository.GetDishById(Int32 restId, Int32 DishId) in /Users/luffy/DotnetProjects/Restaurents/Restaurents.Infrastructure/Repositories/Implementations/DishRepository.cs:line 50
   at Restaurents.Application.CQRS.Queries.GetDishById.GetDishByIdQueryHandler.Handle(GetDishByIdQuery request, CancellationToken cancellationToken) in /Users/luffy/DotnetProjects/Restaurents/Restaurents.Application/CQRS/Queries/GetDishById/GetDishByIdQueryHandler.cs:line 14
   at Restaurents.API.Controllers.DishesController.GetDishById(Int32 Id, Int32 restaurentId) in /Users/luffy/DotnetProjects/Restaurents/API/Controllers/DishesController.cs:line 79
   at Microsoft.AspNetCore.Mvc.Infrastructure.ActionMethodExecutor.TaskOfIActionResultExecutor.Execute(ActionContext actionContext, IActionResultTypeMapper mapper, ObjectMethodExecutor executor, Object controller, Object[] arguments)
   at Microsoft.AspNetCore.Mvc.Infrastructure.ControllerActionInvoker.<InvokeActionMethodAsync>g__Awaited|12_0(ControllerActionInvoker invoker, ValueTask`1 actionResultValueTask)
   at Microsoft.AspNetCore.Mvc.Infrastructure.ControllerActionInvoker.<InvokeNextActionFilterAsync>g__Awaited|10_0(ControllerActionInvoker invoker, Task lastTask, State next, Scope scope, Object state, Boolean isCompleted)
   at Microsoft.AspNetCore.Mvc.Infrastructure.ControllerActionInvoker.Rethrow(ActionExecutedContextSealed context)
   at Microsoft.AspNetCore.Mvc.Infrastructure.ControllerActionInvoker.Next(State& next, Scope& scope, Object& state, Boolean& isCompleted)
   at Microsoft.AspNetCore.Mvc.Infrastructure.ControllerActionInvoker.InvokeInnerFilterAsync()
--- End of stack trace from previous location ---
   at Microsoft.AspNetCore.Mvc.Infrastructure.ResourceInvoker.<InvokeFilterPipelineAsync>g__Awaited|20_0(ResourceInvoker invoker, Task lastTask, State next, Scope scope, Object state, Boolean isCompleted)
   at Microsoft.AspNetCore.Mvc.Infrastructure.ResourceInvoker.<InvokeAsync>g__Awaited|17_0(ResourceInvoker invoker, Task task, IDisposable scope)
   at Microsoft.AspNetCore.Mvc.Infrastructure.ResourceInvoker.<InvokeAsync>g__Awaited|17_0(ResourceInvoker invoker, Task task, IDisposable scope)
   at Microsoft.AspNetCore.Authorization.AuthorizationMiddleware.Invoke(HttpContext context)
   at Serilog.AspNetCore.RequestLoggingMiddleware.Invoke(HttpContext httpContext)
[2025-11-15 16:30:41 ERR] | Restaurents.API.Middlewares.ExceptionHandelingMiddleware| - 
 dish not found 1
[2025-11-15 16:30:47 ERR] | Serilog.AspNetCore.RequestLoggingMiddleware| - 
 HTTP GET /api/restaurents/69 responded 500 in 88.9445 ms
Restaurents.Domain.Exceptions.NotFoundException: Record (69)  Not found
   at Restaurents.Infrastructure.Repositories.Implementations.RestaurentRepository.GetRestaurentById(Int32 id) in /Users/luffy/DotnetProjects/Restaurents/Restaurents.Infrastructure/Repositories/Implementations/RestaurentRepository.cs:line 60
   at Restaurents.Application.Queries.GetRestaurentById.GetRestaurentByIdQueryHandler.Handle(GetRestaurentByIdQuery request, CancellationToken cancellationToken) in /Users/luffy/DotnetProjects/Restaurents/Restaurents.Application/CQRS/Queries/GetRestaurentById/GetRestaurentByIdQueryHandler.cs:line 13
   at Restaurents.Controllers.RestaurentsController.GetRestaurentById(Int32 id) in /Users/luffy/DotnetProjects/Restaurents/API/Controllers/RestaurentsController.cs:line 36
   at Microsoft.AspNetCore.Mvc.Infrastructure.ActionMethodExecutor.TaskOfIActionResultExecutor.Execute(ActionContext actionContext, IActionResultTypeMapper mapper, ObjectMethodExecutor executor, Object controller, Object[] arguments)
   at Microsoft.AspNetCore.Mvc.Infrastructure.ControllerActionInvoker.<InvokeActionMethodAsync>g__Awaited|12_0(ControllerActionInvoker invoker, ValueTask`1 actionResultValueTask)
   at Microsoft.AspNetCore.Mvc.Infrastructure.ControllerActionInvoker.<InvokeNextActionFilterAsync>g__Awaited|10_0(ControllerActionInvoker invoker, Task lastTask, State next, Scope scope, Object state, Boolean isCompleted)
   at Microsoft.AspNetCore.Mvc.Infrastructure.ControllerActionInvoker.Rethrow(ActionExecutedContextSealed context)
   at Microsoft.AspNetCore.Mvc.Infrastructure.ControllerActionInvoker.Next(State& next, Scope& scope, Object& state, Boolean& isCompleted)
   at Microsoft.AspNetCore.Mvc.Infrastructure.ControllerActionInvoker.InvokeInnerFilterAsync()
--- End of stack trace from previous location ---
   at Microsoft.AspNetCore.Mvc.Infrastructure.ResourceInvoker.<InvokeFilterPipelineAsync>g__Awaited|20_0(ResourceInvoker invoker, Task lastTask, State next, Scope scope, Object state, Boolean isCompleted)
   at Microsoft.AspNetCore.Mvc.Infrastructure.ResourceInvoker.<InvokeAsync>g__Awaited|17_0(ResourceInvoker invoker, Task task, IDisposable scope)
   at Microsoft.AspNetCore.Mvc.Infrastructure.ResourceInvoker.<InvokeAsync>g__Awaited|17_0(ResourceInvoker invoker, Task task, IDisposable scope)
   at Microsoft.AspNetCore.Authorization.AuthorizationMiddleware.Invoke(HttpContext context)
   at Serilog.AspNetCore.RequestLoggingMiddleware.Invoke(HttpContext httpContext)
[2025-11-15 16:30:47 ERR] | Restaurents.API.Middlewares.ExceptionHandelingMiddleware| - 
 Record (69)  Not found
[2025-11-15 16:30:52 INF] | Serilog.AspNetCore.RequestLoggingMiddleware| - 
 HTTP GET /api/restaurents/6 responded 200 in 32.9763 ms
[2025-11-15 16:30:57 INF] | Serilog.AspNetCore.RequestLoggingMiddleware| - 
 HTTP GET /api/restaurents/1 responded 200 in 21.4282 ms
[2025-11-15 16:32:01 WRN] | Microsoft.EntityFrameworkCore.Model.Validation| - 
 Sensitive data logging is enabled. Log entries and exception messages may include sensitive application data; this mode should only be enabled during development.
[2025-11-15 16:32:01 WRN] | Microsoft.EntityFrameworkCore.Model.Validation| - 
 The entity type 'Address' is an optional dependent using table sharing without any required non shared property that could be used to identify whether the entity exists. If all nullable properties contain a null value in database then an object instance won't be created in the query. Add a required property to create instances with null values for other properties or mark the incoming navigation as required to always create an instance.
[2025-11-15 16:32:12 WRN] | Microsoft.AspNetCore.HttpsPolicy.HttpsRedirectionMiddleware| - 
 Failed to determine the https port for redirect.
[2025-11-15 16:32:12 WRN] | LuckyPennySoftware.MediatR.License| - 
 You do not have a valid license key for the Lucky Penny software MediatR. This is allowed for development and testing scenarios. If you are running in production you are required to have a licensed version. Please visit https://luckypennysoftware.com to obtain a valid license.
[2025-11-15 16:32:12 INF] | Serilog.AspNetCore.RequestLoggingMiddleware| - 
 HTTP GET /api/restaurents/1 responded 200 in 142.5185 ms
[2025-11-15 16:34:55 WRN] | Microsoft.EntityFrameworkCore.Model.Validation| - 
 Sensitive data logging is enabled. Log entries and exception messages may include sensitive application data; this mode should only be enabled during development.
[2025-11-15 16:34:55 WRN] | Microsoft.EntityFrameworkCore.Model.Validation| - 
 The entity type 'Address' is an optional dependent using table sharing without any required non shared property that could be used to identify whether the entity exists. If all nullable properties contain a null value in database then an object instance won't be created in the query. Add a required property to create instances with null values for other properties or mark the incoming navigation as required to always create an instance.
[2025-11-15 16:34:57 WRN] | Microsoft.AspNetCore.HttpsPolicy.HttpsRedirectionMiddleware| - 
 Failed to determine the https port for redirect.
[2025-11-15 16:34:57 WRN] | LuckyPennySoftware.MediatR.License| - 
 You do not have a valid license key for the Lucky Penny software MediatR. This is allowed for development and testing scenarios. If you are running in production you are required to have a licensed version. Please visit https://luckypennysoftware.com to obtain a valid license.
[2025-11-15 16:34:57 INF] | Serilog.AspNetCore.RequestLoggingMiddleware| - 
 HTTP GET /api/restaurents/1 responded 200 in 143.5100 ms
[2025-11-15 16:34:58 INF] | Serilog.AspNetCore.RequestLoggingMiddleware| - 
 HTTP GET /api/restaurents/1 responded 200 in 24.4033 ms
[2025-11-15 16:36:54 WRN] | Microsoft.EntityFrameworkCore.Model.Validation| - 
 Sensitive data logging is enabled. Log entries and exception messages may include sensitive application data; this mode should only be enabled during development.
[2025-11-15 16:36:54 WRN] | Microsoft.EntityFrameworkCore.Model.Validation| - 
 The entity type 'Address' is an optional dependent using table sharing without any required non shared property that could be used to identify whether the entity exists. If all nullable properties contain a null value in database then an object instance won't be created in the query. Add a required property to create instances with null values for other properties or mark the incoming navigation as required to always create an instance.
[2025-11-15 16:37:03 WRN] | Microsoft.AspNetCore.HttpsPolicy.HttpsRedirectionMiddleware| - 
 Failed to determine the https port for redirect.
[2025-11-15 16:37:03 WRN] | LuckyPennySoftware.MediatR.License| - 
 You do not have a valid license key for the Lucky Penny software MediatR. This is allowed for development and testing scenarios. If you are running in production you are required to have a licensed version. Please visit https://luckypennysoftware.com to obtain a valid license.
[2025-11-15 16:37:04 INF] | Serilog.AspNetCore.RequestLoggingMiddleware| - 
 HTTP GET /api/restaurents/1 responded 200 in 162.6214 ms
[2025-11-15 16:37:08 INF] | Serilog.AspNetCore.RequestLoggingMiddleware| - 
 HTTP GET /api/restaurents responded 401 in 9.4223 ms
[2025-11-15 16:38:55 INF] | Restaurents.Controllers.RestaurentsController| - 
 GetAllRestaurents method called.
[2025-11-15 16:38:55 INF] | Restaurents.Application.Queries.GetAllRestaurents.GetAllRestaurentsQueryHandler| - 
 Inside Service layer - GetAllRestaurentsQueryHandler , Request object is - {}
[2025-11-15 16:38:55 INF] | Restaurents.Infrastructure.Repositories.Implementations.RestaurentRepository| - 
 Inside Infra layer GetAllRestaurents called
[2025-11-15 16:38:55 INF] | Restaurents.Infrastructure.Repositories.Implementations.RestaurentRepository| - 
 Response from DB call - [{"Id":1,"Name":"FitFuel Nutrition Store","Description":"Retail store providing high-quality protein supplements and snacks.","Category":"online","HasDelivery":false,"ContactEmail":"contact@spicegarden.com","ContactNumber":"9876543210","CreatedAt":"2025-11-03T12:00:00","Address":{"Street":"MG Road","PostalCode":"500001","City":"Hyderabad"},"Dishes":[{"Id":1,"Name":"Butter Chicken","Description":"Creamy tomato gravy with tender chicken pieces.","Price":250.0,"IsVeg":false,"IsAvailable":true,"Calories":null,"RestaurentId":1},{"Id":2,"Name":"Paneer Tikka","Description":"Grilled cottage cheese with spices.","Price":180.0,"IsVeg":true,"IsAvailable":true,"Calories":null,"RestaurentId":1},{"Id":7,"Name":"Paneer Butter Masala","Description":"Rich creamy curry made with paneer and butter, served with naan or rice.","Price":220.5,"IsVeg":true,"IsAvailable":true,"Calories":320,"RestaurentId":1}]},{"Id":2,"Name":"Ocean Breeze","Description":"Seafood restaurant with coastal vibes.","Category":"Seafood","HasDelivery":false,"ContactEmail":"hello@oceanbreeze.com","ContactNumber":"9123456780","CreatedAt":"2025-11-03T07:26:25.463711","Address":{"Street":"Beach Road","PostalCode":"600004","City":"Chennai"},"Dishes":[{"Id":3,"Name":"Grilled Prawns","Description":"Prawns marinated with herbs and grilled.","Price":320.0,"IsVeg":false,"IsAvailable":true,"Calories":null,"RestaurentId":2},{"Id":4,"Name":"Fish Curry","Description":"Traditional South Indian fish curry.","Price":280.0,"IsVeg":false,"IsAvailable":true,"Calories":null,"RestaurentId":2}]},{"Id":3,"Name":"Green Bowl","Description":"Healthy vegetarian and vegan meals.","Category":"Vegan","HasDelivery":true,"ContactEmail":"info@greenbowl.com","ContactNumber":"9988776655","CreatedAt":"2025-11-03T07:26:25.463711","Address":{"Street":"Park Avenue","PostalCode":"560001","City":"Bangalore"},"Dishes":[{"Id":5,"Name":"Quinoa Salad","Description":"A refreshing salad with quinoa, veggies, and olive oil dressing.","Price":200.0,"IsVeg":true,"IsAvailable":true,"Calories":null,"RestaurentId":3},{"Id":6,"Name":"Vegan Burger","Description":"Plant-based burger with lettuce and avocado.","Price":220.0,"IsVeg":true,"IsAvailable":true,"Calories":null,"RestaurentId":3}]},{"Id":4,"Name":"The Urban Kitchen","Description":"A cozy restaurant offering a variety of farm-fresh meals.","Category":"Restaurant","HasDelivery":true,"ContactEmail":"contact@urbankitchen.com","ContactNumber":"\u002B91-9876543210","CreatedAt":"2025-11-03T18:30:00","Address":{"Street":"12 Green Park Avenue","PostalCode":"500081","City":"Hyderabad"},"Dishes":[]},{"Id":5,"Name":"FitFuel Nutrition Store","Description":"Retail store providing high-quality protein supplements and snacks.","Category":"Retail","HasDelivery":false,"ContactEmail":"info@fitfuelstore.in","ContactNumber":"\u002B91-9090909090","CreatedAt":"2025-11-03T12:00:00","Address":{"Street":"Plot 21, Jubilee Hills","PostalCode":"500033","City":"Hyderabad"},"Dishes":[]},{"Id":6,"Name":"FitFuel Nutrition Store","Description":"Retail store providing high-quality protein supplements and snacks.","Category":"online","HasDelivery":false,"ContactEmail":"info@fitfuelstore.in","ContactNumber":"\u002B91-9090909090","CreatedAt":"2025-11-03T12:00:00","Address":{"Street":"Plot 21, Jubilee Hills","PostalCode":"500033","City":"Hyderabad"},"Dishes":[]}]
[2025-11-15 16:38:55 INF] | Restaurents.Application.Queries.GetAllRestaurents.GetAllRestaurentsQueryHandler| - 
 mapping the resources to DTo - System.Collections.Generic.List`1[Restaurents.Application.DTOs.RestaurentDto]
[2025-11-15 16:38:55 INF] | Restaurents.Controllers.RestaurentsController| - 
 Get all restaurents response @[{"Id":1,"Name":"FitFuel Nutrition Store","Description":"Retail store providing high-quality protein supplements and snacks.","Category":"online","HasDelivery":false,"CreatedAt":"2025-11-03T12:00:00","Street":"MG Road","PostalCode":"500001","City":"Hyderabad","dishes":[{"Id":1,"Name":"Butter Chicken","Description":"Creamy tomato gravy with tender chicken pieces.","Price":250.0,"IsVeg":false,"IsAvailable":true,"Calories":null},{"Id":2,"Name":"Paneer Tikka","Description":"Grilled cottage cheese with spices.","Price":180.0,"IsVeg":true,"IsAvailable":true,"Calories":null},{"Id":7,"Name":"Paneer Butter Masala","Description":"Rich creamy curry made with paneer and butter, served with naan or rice.","Price":220.5,"IsVeg":true,"IsAvailable":true,"Calories":320}]},{"Id":2,"Name":"Ocean Breeze","Description":"Seafood restaurant with coastal vibes.","Category":"Seafood","HasDelivery":false,"CreatedAt":"2025-11-03T07:26:25.463711","Street":"Beach Road","PostalCode":"600004","City":"Chennai","dishes":[{"Id":3,"Name":"Grilled Prawns","Description":"Prawns marinated with herbs and grilled.","Price":320.0,"IsVeg":false,"IsAvailable":true,"Calories":null},{"Id":4,"Name":"Fish Curry","Description":"Traditional South Indian fish curry.","Price":280.0,"IsVeg":false,"IsAvailable":true,"Calories":null}]},{"Id":3,"Name":"Green Bowl","Description":"Healthy vegetarian and vegan meals.","Category":"Vegan","HasDelivery":true,"CreatedAt":"2025-11-03T07:26:25.463711","Street":"Park Avenue","PostalCode":"560001","City":"Bangalore","dishes":[{"Id":5,"Name":"Quinoa Salad","Description":"A refreshing salad with quinoa, veggies, and olive oil dressing.","Price":200.0,"IsVeg":true,"IsAvailable":true,"Calories":null},{"Id":6,"Name":"Vegan Burger","Description":"Plant-based burger with lettuce and avocado.","Price":220.0,"IsVeg":true,"IsAvailable":true,"Calories":null}]},{"Id":4,"Name":"The Urban Kitchen","Description":"A cozy restaurant offering a variety of farm-fresh meals.","Category":"Restaurant","HasDelivery":true,"CreatedAt":"2025-11-03T18:30:00","Street":"12 Green Park Avenue","PostalCode":"500081","City":"Hyderabad","dishes":[]},{"Id":5,"Name":"FitFuel Nutrition Store","Description":"Retail store providing high-quality protein supplements and snacks.","Category":"Retail","HasDelivery":false,"CreatedAt":"2025-11-03T12:00:00","Street":"Plot 21, Jubilee Hills","PostalCode":"500033","City":"Hyderabad","dishes":[]},{"Id":6,"Name":"FitFuel Nutrition Store","Description":"Retail store providing high-quality protein supplements and snacks.","Category":"online","HasDelivery":false,"CreatedAt":"2025-11-03T12:00:00","Street":"Plot 21, Jubilee Hills","PostalCode":"500033","City":"Hyderabad","dishes":[]}]
[2025-11-15 16:38:55 INF] | Serilog.AspNetCore.RequestLoggingMiddleware| - 
 HTTP GET /api/restaurents responded 200 in 65882.8048 ms
[2025-11-15 16:38:55 WRN] | Restaurents.API.Middlewares.LongProcessingRequestsMiddleware| - 
 Request [GET] at /api/restaurents took 65882ms
[2025-11-15 16:39:18 INF] | Restaurents.Controllers.RestaurentsController| - 
 GetAllRestaurents method called.
[2025-11-15 16:39:18 INF] | Restaurents.Application.Queries.GetAllRestaurents.GetAllRestaurentsQueryHandler| - 
 Inside Service layer - GetAllRestaurentsQueryHandler , Request object is - {}
[2025-11-15 16:39:18 INF] | Restaurents.Infrastructure.Repositories.Implementations.RestaurentRepository| - 
 Inside Infra layer GetAllRestaurents called
[2025-11-15 16:39:18 INF] | Restaurents.Infrastructure.Repositories.Implementations.RestaurentRepository| - 
 Response from DB call - [{"Id":1,"Name":"FitFuel Nutrition Store","Description":"Retail store providing high-quality protein supplements and snacks.","Category":"online","HasDelivery":false,"ContactEmail":"contact@spicegarden.com","ContactNumber":"9876543210","CreatedAt":"2025-11-03T12:00:00","Address":{"Street":"MG Road","PostalCode":"500001","City":"Hyderabad"},"Dishes":[{"Id":1,"Name":"Butter Chicken","Description":"Creamy tomato gravy with tender chicken pieces.","Price":250.0,"IsVeg":false,"IsAvailable":true,"Calories":null,"RestaurentId":1},{"Id":2,"Name":"Paneer Tikka","Description":"Grilled cottage cheese with spices.","Price":180.0,"IsVeg":true,"IsAvailable":true,"Calories":null,"RestaurentId":1},{"Id":7,"Name":"Paneer Butter Masala","Description":"Rich creamy curry made with paneer and butter, served with naan or rice.","Price":220.5,"IsVeg":true,"IsAvailable":true,"Calories":320,"RestaurentId":1}]},{"Id":2,"Name":"Ocean Breeze","Description":"Seafood restaurant with coastal vibes.","Category":"Seafood","HasDelivery":false,"ContactEmail":"hello@oceanbreeze.com","ContactNumber":"9123456780","CreatedAt":"2025-11-03T07:26:25.463711","Address":{"Street":"Beach Road","PostalCode":"600004","City":"Chennai"},"Dishes":[{"Id":3,"Name":"Grilled Prawns","Description":"Prawns marinated with herbs and grilled.","Price":320.0,"IsVeg":false,"IsAvailable":true,"Calories":null,"RestaurentId":2},{"Id":4,"Name":"Fish Curry","Description":"Traditional South Indian fish curry.","Price":280.0,"IsVeg":false,"IsAvailable":true,"Calories":null,"RestaurentId":2}]},{"Id":3,"Name":"Green Bowl","Description":"Healthy vegetarian and vegan meals.","Category":"Vegan","HasDelivery":true,"ContactEmail":"info@greenbowl.com","ContactNumber":"9988776655","CreatedAt":"2025-11-03T07:26:25.463711","Address":{"Street":"Park Avenue","PostalCode":"560001","City":"Bangalore"},"Dishes":[{"Id":5,"Name":"Quinoa Salad","Description":"A refreshing salad with quinoa, veggies, and olive oil dressing.","Price":200.0,"IsVeg":true,"IsAvailable":true,"Calories":null,"RestaurentId":3},{"Id":6,"Name":"Vegan Burger","Description":"Plant-based burger with lettuce and avocado.","Price":220.0,"IsVeg":true,"IsAvailable":true,"Calories":null,"RestaurentId":3}]},{"Id":4,"Name":"The Urban Kitchen","Description":"A cozy restaurant offering a variety of farm-fresh meals.","Category":"Restaurant","HasDelivery":true,"ContactEmail":"contact@urbankitchen.com","ContactNumber":"\u002B91-9876543210","CreatedAt":"2025-11-03T18:30:00","Address":{"Street":"12 Green Park Avenue","PostalCode":"500081","City":"Hyderabad"},"Dishes":[]},{"Id":5,"Name":"FitFuel Nutrition Store","Description":"Retail store providing high-quality protein supplements and snacks.","Category":"Retail","HasDelivery":false,"ContactEmail":"info@fitfuelstore.in","ContactNumber":"\u002B91-9090909090","CreatedAt":"2025-11-03T12:00:00","Address":{"Street":"Plot 21, Jubilee Hills","PostalCode":"500033","City":"Hyderabad"},"Dishes":[]},{"Id":6,"Name":"FitFuel Nutrition Store","Description":"Retail store providing high-quality protein supplements and snacks.","Category":"online","HasDelivery":false,"ContactEmail":"info@fitfuelstore.in","ContactNumber":"\u002B91-9090909090","CreatedAt":"2025-11-03T12:00:00","Address":{"Street":"Plot 21, Jubilee Hills","PostalCode":"500033","City":"Hyderabad"},"Dishes":[]}]
[2025-11-15 16:39:18 INF] | Restaurents.Application.Queries.GetAllRestaurents.GetAllRestaurentsQueryHandler| - 
 mapping the resources to DTo - System.Collections.Generic.List`1[Restaurents.Application.DTOs.RestaurentDto]
[2025-11-15 16:39:18 INF] | Restaurents.Controllers.RestaurentsController| - 
 Get all restaurents response @[{"Id":1,"Name":"FitFuel Nutrition Store","Description":"Retail store providing high-quality protein supplements and snacks.","Category":"online","HasDelivery":false,"CreatedAt":"2025-11-03T12:00:00","Street":"MG Road","PostalCode":"500001","City":"Hyderabad","dishes":[{"Id":1,"Name":"Butter Chicken","Description":"Creamy tomato gravy with tender chicken pieces.","Price":250.0,"IsVeg":false,"IsAvailable":true,"Calories":null},{"Id":2,"Name":"Paneer Tikka","Description":"Grilled cottage cheese with spices.","Price":180.0,"IsVeg":true,"IsAvailable":true,"Calories":null},{"Id":7,"Name":"Paneer Butter Masala","Description":"Rich creamy curry made with paneer and butter, served with naan or rice.","Price":220.5,"IsVeg":true,"IsAvailable":true,"Calories":320}]},{"Id":2,"Name":"Ocean Breeze","Description":"Seafood restaurant with coastal vibes.","Category":"Seafood","HasDelivery":false,"CreatedAt":"2025-11-03T07:26:25.463711","Street":"Beach Road","PostalCode":"600004","City":"Chennai","dishes":[{"Id":3,"Name":"Grilled Prawns","Description":"Prawns marinated with herbs and grilled.","Price":320.0,"IsVeg":false,"IsAvailable":true,"Calories":null},{"Id":4,"Name":"Fish Curry","Description":"Traditional South Indian fish curry.","Price":280.0,"IsVeg":false,"IsAvailable":true,"Calories":null}]},{"Id":3,"Name":"Green Bowl","Description":"Healthy vegetarian and vegan meals.","Category":"Vegan","HasDelivery":true,"CreatedAt":"2025-11-03T07:26:25.463711","Street":"Park Avenue","PostalCode":"560001","City":"Bangalore","dishes":[{"Id":5,"Name":"Quinoa Salad","Description":"A refreshing salad with quinoa, veggies, and olive oil dressing.","Price":200.0,"IsVeg":true,"IsAvailable":true,"Calories":null},{"Id":6,"Name":"Vegan Burger","Description":"Plant-based burger with lettuce and avocado.","Price":220.0,"IsVeg":true,"IsAvailable":true,"Calories":null}]},{"Id":4,"Name":"The Urban Kitchen","Description":"A cozy restaurant offering a variety of farm-fresh meals.","Category":"Restaurant","HasDelivery":true,"CreatedAt":"2025-11-03T18:30:00","Street":"12 Green Park Avenue","PostalCode":"500081","City":"Hyderabad","dishes":[]},{"Id":5,"Name":"FitFuel Nutrition Store","Description":"Retail store providing high-quality protein supplements and snacks.","Category":"Retail","HasDelivery":false,"CreatedAt":"2025-11-03T12:00:00","Street":"Plot 21, Jubilee Hills","PostalCode":"500033","City":"Hyderabad","dishes":[]},{"Id":6,"Name":"FitFuel Nutrition Store","Description":"Retail store providing high-quality protein supplements and snacks.","Category":"online","HasDelivery":false,"CreatedAt":"2025-11-03T12:00:00","Street":"Plot 21, Jubilee Hills","PostalCode":"500033","City":"Hyderabad","dishes":[]}]
[2025-11-15 16:39:18 INF] | Serilog.AspNetCore.RequestLoggingMiddleware| - 
 HTTP GET /api/restaurents responded 200 in 17.7330 ms
